<?xml version="1.0" encoding="UTF-8"?>
<testng-results skipped="0" failed="0" total="1" passed="1">
  <reporter-output>
  </reporter-output>
  <suite name="Tests" duration-ms="56659" started-at="2015-08-04T16:38:27Z" finished-at="2015-08-04T16:39:23Z">
    <groups>
    </groups>
    <test name="Test1" duration-ms="56659" started-at="2015-08-04T16:38:27Z" finished-at="2015-08-04T16:39:23Z">
      <class name="eglu.TC_CL_0002">
        <test-method status="PASS" signature="init()[pri:0, instance:eglu.TC_CL_0002@3ac3fd8b]" name="init" is-config="true" duration-ms="6250" started-at="2015-08-04T19:38:27Z" finished-at="2015-08-04T19:38:33Z">
          <reporter-output>
          </reporter-output>
        </test-method> <!-- init -->
        <test-method status="PASS" signature="OpenPage()[pri:0, instance:eglu.TC_CL_0002@3ac3fd8b]" name="OpenPage" is-config="true" duration-ms="3328" started-at="2015-08-04T19:38:33Z" finished-at="2015-08-04T19:38:36Z">
          <reporter-output>
          </reporter-output>
        </test-method> <!-- OpenPage -->
        <test-method status="PASS" signature="TestCase_CL_0002()[pri:0, instance:eglu.TC_CL_0002@3ac3fd8b]" name="TestCase_CL_0002" duration-ms="47081" started-at="2015-08-04T19:38:36Z" finished-at="2015-08-04T19:39:23Z">
          <reporter-output>
          </reporter-output>
        </test-method> <!-- TestCase_CL_0002 -->
      </class> <!-- eglu.TC_CL_0002 -->
    </test> <!-- Test1 -->
  </suite> <!-- Tests -->
</testng-results>
