<?xml version="1.0" encoding="UTF-8"?>
<testng-results skipped="0" failed="0" total="2" passed="2">
  <reporter-output>
  </reporter-output>
  <suite name="Default suite" duration-ms="50691" started-at="2015-08-04T16:45:25Z" finished-at="2015-08-04T16:46:16Z">
    <groups>
    </groups>
    <test name="Default test" duration-ms="50691" started-at="2015-08-04T16:45:25Z" finished-at="2015-08-04T16:46:16Z">
      <class name="eglu.TC_TableList">
        <test-method status="PASS" signature="init()[pri:0, instance:eglu.TC_TableList@1b40d5f0]" name="init" is-config="true" duration-ms="5922" started-at="2015-08-04T19:45:25Z" finished-at="2015-08-04T19:45:31Z">
          <reporter-output>
          </reporter-output>
        </test-method> <!-- init -->
        <test-method status="PASS" signature="OpenPage()[pri:0, instance:eglu.TC_TableList@1b40d5f0]" name="OpenPage" is-config="true" duration-ms="2500" started-at="2015-08-04T19:45:31Z" finished-at="2015-08-04T19:45:34Z">
          <reporter-output>
          </reporter-output>
        </test-method> <!-- OpenPage -->
        <test-method status="PASS" signature="TestCase_CL_0001()[pri:0, instance:eglu.TC_TableList@1b40d5f0]" name="TestCase_CL_0001" duration-ms="22720" started-at="2015-08-04T19:45:34Z" finished-at="2015-08-04T19:45:57Z">
          <reporter-output>
          </reporter-output>
        </test-method> <!-- TestCase_CL_0001 -->
        <test-method status="PASS" signature="OpenPage()[pri:0, instance:eglu.TC_TableList@1b40d5f0]" name="OpenPage" is-config="true" duration-ms="63" started-at="2015-08-04T19:45:57Z" finished-at="2015-08-04T19:45:57Z">
          <reporter-output>
          </reporter-output>
        </test-method> <!-- OpenPage -->
        <test-method status="PASS" signature="TestCase_CL_0002()[pri:0, instance:eglu.TC_TableList@1b40d5f0]" name="TestCase_CL_0002" duration-ms="19486" started-at="2015-08-04T19:45:57Z" finished-at="2015-08-04T19:46:16Z">
          <reporter-output>
          </reporter-output>
        </test-method> <!-- TestCase_CL_0002 -->
      </class> <!-- eglu.TC_TableList -->
    </test> <!-- Default test -->
  </suite> <!-- Default suite -->
</testng-results>
